<?xml version="1.0" encoding="UTF-8"?>
<robot generator="Robot 3.2.2 (Python 3.9.0 on win32)" generated="20201216 14:52:01.849" rpa="false">
<suite id="s1" name="Test Wp" source="C:\Users\oliver.uhlar\Desktop\Projects\wamp_plotly\test_wp.robot">
<kw name="Start wamp" type="setup">
<kw name="Start Process" library="Process">
<doc>Starts a new process on background.</doc>
<arguments>
<arg>wamp.bat</arg>
</arguments>
<msg timestamp="20201216 14:52:01.875" level="INFO">Starting process:
wamp.bat</msg>
<status status="PASS" starttime="20201216 14:52:01.875" endtime="20201216 14:52:01.882"></status>
</kw>
<status status="PASS" starttime="20201216 14:52:01.875" endtime="20201216 14:52:01.882"></status>
</kw>
<test id="s1-t1" name="Graph temperature BB">
<kw name="Run Process" library="Process">
<doc>Runs a process and waits for it to complete.</doc>
<arguments>
<arg>C:\\Users\\oliver.uhlar\\Desktop\\Projects\\wamp_plotly\\venv\\Scripts\\python.exe</arg>
<arg>wamp_plotly.py</arg>
<arg>runserver</arg>
</arguments>
<assign>
<var>${result}</var>
</assign>
<msg timestamp="20201216 14:52:01.883" level="INFO">Starting process:
C:\Users\oliver.uhlar\Desktop\Projects\wamp_plotly\venv\Scripts\python.exe wamp_plotly.py runserver</msg>
<msg timestamp="20201216 14:52:01.885" level="INFO">Waiting for process to complete.</msg>
<msg timestamp="20201216 14:52:02.692" level="INFO">Process completed.</msg>
<msg timestamp="20201216 14:52:02.692" level="INFO">${result} = &lt;result object with rc 0&gt;</msg>
<status status="PASS" starttime="20201216 14:52:01.883" endtime="20201216 14:52:02.692"></status>
</kw>
<kw name="Should Be Empty" library="BuiltIn">
<doc>Verifies that the given item is empty.</doc>
<arguments>
<arg>${result.stderr}</arg>
<arg>msg=${result.stderr}</arg>
</arguments>
<msg timestamp="20201216 14:52:02.694" level="INFO">Length is 0</msg>
<status status="PASS" starttime="20201216 14:52:02.693" endtime="20201216 14:52:02.694"></status>
</kw>
<kw name="Log" library="BuiltIn">
<doc>Logs the given message with the given level.</doc>
<arguments>
<arg>${result.stdout}</arg>
</arguments>
<msg timestamp="20201216 14:52:02.707" level="INFO">+-----------+--------+--------+--------+
|   Month   | Max C░ | Min C░ | Avg C░ |
+-----------+--------+--------+--------+
|  January  |  1.0   |  -2.9  |  -6.7  |
|  February |  4.4   |  -0.8  |  -5.2  |
|   March   |  9.5   |  3.5   |  -1.5  |
|   April   |  15.2  |  8.7   |  2.4   |
|    May    |  20.9  |  14.0  |  7.2   |
|    Jun    |  23.6  |  16.9  |  10.1  |
|    July   |  25.5  |  18.5  |  11.5  |
|   August  |  25.8  |  18.0  |  11.1  |
| September |  20.6  |  13.5  |  None  |
|  October  |  14.6  |  8.2   |  3.4   |
|  November |  6.5   |  2.7   |  -0.8  |
|  December |  1.9   |  -1.4  |  -4.6  |
+-----------+--------+--------+--------+</msg>
<status status="PASS" starttime="20201216 14:52:02.696" endtime="20201216 14:52:02.707"></status>
</kw>
<status status="PASS" starttime="20201216 14:52:01.882" endtime="20201216 14:52:02.707" critical="yes"></status>
</test>
<status status="PASS" starttime="20201216 14:52:01.850" endtime="20201216 14:52:02.709"></status>
</suite>
<statistics>
<total>
<stat pass="1" fail="0">Critical Tests</stat>
<stat pass="1" fail="0">All Tests</stat>
</total>
<tag>
</tag>
<suite>
<stat pass="1" fail="0" id="s1" name="Test Wp">Test Wp</stat>
</suite>
</statistics>
<errors>
</errors>
</robot>
